{"/Users/samiahmadkhan/Desktop/file-conda/index.js": {"path":"/Users/samiahmadkhan/Desktop/file-conda/index.js","statementMap":{"0":{"start":{"line":1,"column":11},"end":{"line":1,"column":24}},"1":{"start":{"line":2,"column":16},"end":{"line":2,"column":41}},"2":{"start":{"line":3,"column":10},"end":{"line":3,"column":27}},"3":{"start":{"line":13,"column":30},"end":{"line":46,"column":1}},"4":{"start":{"line":14,"column":15},"end":{"line":14,"column":30}},"5":{"start":{"line":15,"column":16},"end":{"line":15,"column":51}},"6":{"start":{"line":18,"column":2},"end":{"line":20,"column":3}},"7":{"start":{"line":19,"column":4},"end":{"line":19,"column":11}},"8":{"start":{"line":22,"column":20},"end":{"line":22,"column":56}},"9":{"start":{"line":24,"column":2},"end":{"line":45,"column":3}},"10":{"start":{"line":25,"column":4},"end":{"line":28,"column":46}},"11":{"start":{"line":26,"column":6},"end":{"line":26,"column":32}},"12":{"start":{"line":28,"column":6},"end":{"line":28,"column":46}},"13":{"start":{"line":29,"column":4},"end":{"line":29,"column":49}},"14":{"start":{"line":32,"column":4},"end":{"line":44,"column":5}},"15":{"start":{"line":33,"column":6},"end":{"line":40,"column":7}},"16":{"start":{"line":33,"column":12},"end":{"line":33,"column":35}},"17":{"start":{"line":35,"column":8},"end":{"line":39,"column":9}},"18":{"start":{"line":36,"column":10},"end":{"line":36,"column":53}},"19":{"start":{"line":38,"column":10},"end":{"line":38,"column":18}},"20":{"start":{"line":41,"column":6},"end":{"line":41,"column":50}},"21":{"start":{"line":43,"column":6},"end":{"line":43,"column":18}},"22":{"start":{"line":56,"column":25},"end":{"line":82,"column":1}},"23":{"start":{"line":58,"column":2},"end":{"line":81,"column":3}},"24":{"start":{"line":59,"column":19},"end":{"line":59,"column":52}},"25":{"start":{"line":60,"column":4},"end":{"line":78,"column":7}},"26":{"start":{"line":61,"column":6},"end":{"line":61,"column":69}},"27":{"start":{"line":62,"column":6},"end":{"line":62,"column":45}},"28":{"start":{"line":64,"column":6},"end":{"line":66,"column":32}},"29":{"start":{"line":68,"column":6},"end":{"line":77,"column":7}},"30":{"start":{"line":69,"column":17},"end":{"line":69,"column":58}},"31":{"start":{"line":70,"column":8},"end":{"line":72,"column":9}},"32":{"start":{"line":71,"column":10},"end":{"line":71,"column":50}},"33":{"start":{"line":73,"column":8},"end":{"line":73,"column":46}},"34":{"start":{"line":76,"column":8},"end":{"line":76,"column":52}},"35":{"start":{"line":80,"column":4},"end":{"line":80,"column":12}},"36":{"start":{"line":90,"column":33},"end":{"line":93,"column":1}},"37":{"start":{"line":91,"column":15},"end":{"line":91,"column":52}},"38":{"start":{"line":92,"column":2},"end":{"line":92,"column":31}},"39":{"start":{"line":95,"column":24},"end":{"line":110,"column":1}},"40":{"start":{"line":96,"column":24},"end":{"line":96,"column":26}},"41":{"start":{"line":98,"column":2},"end":{"line":101,"column":3}},"42":{"start":{"line":99,"column":4},"end":{"line":99,"column":36}},"43":{"start":{"line":100,"column":4},"end":{"line":100,"column":11}},"44":{"start":{"line":103,"column":2},"end":{"line":107,"column":5}},"45":{"start":{"line":104,"column":4},"end":{"line":106,"column":5}},"46":{"start":{"line":105,"column":6},"end":{"line":105,"column":49}},"47":{"start":{"line":109,"column":2},"end":{"line":109,"column":25}},"48":{"start":{"line":112,"column":28},"end":{"line":124,"column":1}},"49":{"start":{"line":113,"column":2},"end":{"line":115,"column":3}},"50":{"start":{"line":114,"column":4},"end":{"line":114,"column":39}},"51":{"start":{"line":117,"column":2},"end":{"line":123,"column":16}},"52":{"start":{"line":118,"column":4},"end":{"line":122,"column":7}},"53":{"start":{"line":119,"column":6},"end":{"line":121,"column":7}},"54":{"start":{"line":120,"column":8},"end":{"line":120,"column":51}},"55":{"start":{"line":123,"column":9},"end":{"line":123,"column":16}},"56":{"start":{"line":132,"column":19},"end":{"line":135,"column":1}},"57":{"start":{"line":133,"column":15},"end":{"line":133,"column":42}},"58":{"start":{"line":134,"column":2},"end":{"line":134,"column":38}},"59":{"start":{"line":145,"column":17},"end":{"line":162,"column":1}},"60":{"start":{"line":146,"column":14},"end":{"line":146,"column":16}},"61":{"start":{"line":148,"column":2},"end":{"line":150,"column":3}},"62":{"start":{"line":149,"column":4},"end":{"line":149,"column":17}},"63":{"start":{"line":151,"column":2},"end":{"line":155,"column":5}},"64":{"start":{"line":152,"column":4},"end":{"line":154,"column":5}},"65":{"start":{"line":153,"column":6},"end":{"line":153,"column":56}},"66":{"start":{"line":157,"column":2},"end":{"line":161,"column":3}},"67":{"start":{"line":158,"column":4},"end":{"line":158,"column":25}},"68":{"start":{"line":160,"column":4},"end":{"line":160,"column":17}},"69":{"start":{"line":164,"column":21},"end":{"line":177,"column":1}},"70":{"start":{"line":165,"column":2},"end":{"line":165,"column":29}},"71":{"start":{"line":167,"column":2},"end":{"line":169,"column":3}},"72":{"start":{"line":168,"column":4},"end":{"line":168,"column":24}},"73":{"start":{"line":170,"column":2},"end":{"line":176,"column":16}},"74":{"start":{"line":171,"column":4},"end":{"line":175,"column":7}},"75":{"start":{"line":172,"column":6},"end":{"line":174,"column":7}},"76":{"start":{"line":173,"column":8},"end":{"line":173,"column":58}},"77":{"start":{"line":176,"column":9},"end":{"line":176,"column":16}},"78":{"start":{"line":185,"column":26},"end":{"line":187,"column":1}},"79":{"start":{"line":186,"column":2},"end":{"line":186,"column":40}},"80":{"start":{"line":189,"column":22},"end":{"line":191,"column":1}},"81":{"start":{"line":190,"column":2},"end":{"line":190,"column":57}},"82":{"start":{"line":192,"column":27},"end":{"line":194,"column":1}},"83":{"start":{"line":193,"column":2},"end":{"line":193,"column":58}},"84":{"start":{"line":195,"column":18},"end":{"line":197,"column":1}},"85":{"start":{"line":196,"column":2},"end":{"line":196,"column":39}},"86":{"start":{"line":201,"column":0},"end":{"line":206,"column":1}}},"fnMap":{"0":{"name":"(anonymous_0)","decl":{"start":{"line":13,"column":30},"end":{"line":13,"column":31}},"loc":{"start":{"line":13,"column":56},"end":{"line":46,"column":1}},"line":13},"1":{"name":"(anonymous_1)","decl":{"start":{"line":56,"column":25},"end":{"line":56,"column":26}},"loc":{"start":{"line":56,"column":87},"end":{"line":82,"column":1}},"line":56},"2":{"name":"(anonymous_2)","decl":{"start":{"line":60,"column":34},"end":{"line":60,"column":35}},"loc":{"start":{"line":60,"column":43},"end":{"line":78,"column":5}},"line":60},"3":{"name":"(anonymous_3)","decl":{"start":{"line":90,"column":33},"end":{"line":90,"column":34}},"loc":{"start":{"line":90,"column":64},"end":{"line":93,"column":1}},"line":90},"4":{"name":"(anonymous_4)","decl":{"start":{"line":95,"column":24},"end":{"line":95,"column":25}},"loc":{"start":{"line":95,"column":34},"end":{"line":110,"column":1}},"line":95},"5":{"name":"(anonymous_5)","decl":{"start":{"line":103,"column":24},"end":{"line":103,"column":25}},"loc":{"start":{"line":103,"column":35},"end":{"line":107,"column":3}},"line":103},"6":{"name":"(anonymous_6)","decl":{"start":{"line":112,"column":28},"end":{"line":112,"column":29}},"loc":{"start":{"line":112,"column":58},"end":{"line":124,"column":1}},"line":112},"7":{"name":"(anonymous_7)","decl":{"start":{"line":118,"column":29},"end":{"line":118,"column":30}},"loc":{"start":{"line":118,"column":40},"end":{"line":122,"column":5}},"line":118},"8":{"name":"(anonymous_8)","decl":{"start":{"line":132,"column":19},"end":{"line":132,"column":20}},"loc":{"start":{"line":132,"column":47},"end":{"line":135,"column":1}},"line":132},"9":{"name":"(anonymous_9)","decl":{"start":{"line":145,"column":17},"end":{"line":145,"column":18}},"loc":{"start":{"line":145,"column":51},"end":{"line":162,"column":1}},"line":145},"10":{"name":"(anonymous_10)","decl":{"start":{"line":151,"column":24},"end":{"line":151,"column":25}},"loc":{"start":{"line":151,"column":35},"end":{"line":155,"column":3}},"line":151},"11":{"name":"(anonymous_11)","decl":{"start":{"line":164,"column":21},"end":{"line":164,"column":22}},"loc":{"start":{"line":164,"column":65},"end":{"line":177,"column":1}},"line":164},"12":{"name":"(anonymous_12)","decl":{"start":{"line":171,"column":29},"end":{"line":171,"column":30}},"loc":{"start":{"line":171,"column":40},"end":{"line":175,"column":5}},"line":171},"13":{"name":"(anonymous_13)","decl":{"start":{"line":185,"column":26},"end":{"line":185,"column":27}},"loc":{"start":{"line":185,"column":49},"end":{"line":187,"column":1}},"line":185},"14":{"name":"(anonymous_14)","decl":{"start":{"line":189,"column":22},"end":{"line":189,"column":23}},"loc":{"start":{"line":189,"column":33},"end":{"line":191,"column":1}},"line":189},"15":{"name":"(anonymous_15)","decl":{"start":{"line":192,"column":27},"end":{"line":192,"column":28}},"loc":{"start":{"line":192,"column":38},"end":{"line":194,"column":1}},"line":192},"16":{"name":"(anonymous_16)","decl":{"start":{"line":195,"column":18},"end":{"line":195,"column":19}},"loc":{"start":{"line":195,"column":32},"end":{"line":197,"column":1}},"line":195}},"branchMap":{"0":{"loc":{"start":{"line":13,"column":41},"end":{"line":13,"column":51}},"type":"default-arg","locations":[{"start":{"line":13,"column":50},"end":{"line":13,"column":51}}],"line":13},"1":{"loc":{"start":{"line":18,"column":2},"end":{"line":20,"column":3}},"type":"if","locations":[{"start":{"line":18,"column":2},"end":{"line":20,"column":3}},{"start":{"line":18,"column":2},"end":{"line":20,"column":3}}],"line":18},"2":{"loc":{"start":{"line":25,"column":4},"end":{"line":28,"column":46}},"type":"if","locations":[{"start":{"line":25,"column":4},"end":{"line":28,"column":46}},{"start":{"line":25,"column":4},"end":{"line":28,"column":46}}],"line":25},"3":{"loc":{"start":{"line":32,"column":4},"end":{"line":44,"column":5}},"type":"if","locations":[{"start":{"line":32,"column":4},"end":{"line":44,"column":5}},{"start":{"line":32,"column":4},"end":{"line":44,"column":5}}],"line":32},"4":{"loc":{"start":{"line":35,"column":8},"end":{"line":39,"column":9}},"type":"if","locations":[{"start":{"line":35,"column":8},"end":{"line":39,"column":9}},{"start":{"line":35,"column":8},"end":{"line":39,"column":9}}],"line":35},"5":{"loc":{"start":{"line":56,"column":38},"end":{"line":56,"column":52}},"type":"default-arg","locations":[{"start":{"line":56,"column":49},"end":{"line":56,"column":52}}],"line":56},"6":{"loc":{"start":{"line":56,"column":64},"end":{"line":56,"column":80}},"type":"default-arg","locations":[{"start":{"line":56,"column":71},"end":{"line":56,"column":80}}],"line":56},"7":{"loc":{"start":{"line":68,"column":6},"end":{"line":77,"column":7}},"type":"if","locations":[{"start":{"line":68,"column":6},"end":{"line":77,"column":7}},{"start":{"line":68,"column":6},"end":{"line":77,"column":7}}],"line":68},"8":{"loc":{"start":{"line":70,"column":8},"end":{"line":72,"column":9}},"type":"if","locations":[{"start":{"line":70,"column":8},"end":{"line":72,"column":9}},{"start":{"line":70,"column":8},"end":{"line":72,"column":9}}],"line":70},"9":{"loc":{"start":{"line":90,"column":47},"end":{"line":90,"column":57}},"type":"default-arg","locations":[{"start":{"line":90,"column":55},"end":{"line":90,"column":57}}],"line":90},"10":{"loc":{"start":{"line":98,"column":2},"end":{"line":101,"column":3}},"type":"if","locations":[{"start":{"line":98,"column":2},"end":{"line":101,"column":3}},{"start":{"line":98,"column":2},"end":{"line":101,"column":3}}],"line":98},"11":{"loc":{"start":{"line":104,"column":4},"end":{"line":106,"column":5}},"type":"if","locations":[{"start":{"line":104,"column":4},"end":{"line":106,"column":5}},{"start":{"line":104,"column":4},"end":{"line":106,"column":5}}],"line":104},"12":{"loc":{"start":{"line":113,"column":2},"end":{"line":115,"column":3}},"type":"if","locations":[{"start":{"line":113,"column":2},"end":{"line":115,"column":3}},{"start":{"line":113,"column":2},"end":{"line":115,"column":3}}],"line":113},"13":{"loc":{"start":{"line":117,"column":2},"end":{"line":123,"column":16}},"type":"if","locations":[{"start":{"line":117,"column":2},"end":{"line":123,"column":16}},{"start":{"line":117,"column":2},"end":{"line":123,"column":16}}],"line":117},"14":{"loc":{"start":{"line":119,"column":6},"end":{"line":121,"column":7}},"type":"if","locations":[{"start":{"line":119,"column":6},"end":{"line":121,"column":7}},{"start":{"line":119,"column":6},"end":{"line":121,"column":7}}],"line":119},"15":{"loc":{"start":{"line":148,"column":2},"end":{"line":150,"column":3}},"type":"if","locations":[{"start":{"line":148,"column":2},"end":{"line":150,"column":3}},{"start":{"line":148,"column":2},"end":{"line":150,"column":3}}],"line":148},"16":{"loc":{"start":{"line":152,"column":4},"end":{"line":154,"column":5}},"type":"if","locations":[{"start":{"line":152,"column":4},"end":{"line":154,"column":5}},{"start":{"line":152,"column":4},"end":{"line":154,"column":5}}],"line":152},"17":{"loc":{"start":{"line":157,"column":2},"end":{"line":161,"column":3}},"type":"if","locations":[{"start":{"line":157,"column":2},"end":{"line":161,"column":3}},{"start":{"line":157,"column":2},"end":{"line":161,"column":3}}],"line":157},"18":{"loc":{"start":{"line":167,"column":2},"end":{"line":169,"column":3}},"type":"if","locations":[{"start":{"line":167,"column":2},"end":{"line":169,"column":3}},{"start":{"line":167,"column":2},"end":{"line":169,"column":3}}],"line":167},"19":{"loc":{"start":{"line":170,"column":2},"end":{"line":176,"column":16}},"type":"if","locations":[{"start":{"line":170,"column":2},"end":{"line":176,"column":16}},{"start":{"line":170,"column":2},"end":{"line":176,"column":16}}],"line":170},"20":{"loc":{"start":{"line":172,"column":6},"end":{"line":174,"column":7}},"type":"if","locations":[{"start":{"line":172,"column":6},"end":{"line":174,"column":7}},{"start":{"line":172,"column":6},"end":{"line":174,"column":7}}],"line":172},"21":{"loc":{"start":{"line":172,"column":9},"end":{"line":172,"column":58}},"type":"binary-expr","locations":[{"start":{"line":172,"column":9},"end":{"line":172,"column":38}},{"start":{"line":172,"column":42},"end":{"line":172,"column":58}}],"line":172},"22":{"loc":{"start":{"line":190,"column":10},"end":{"line":190,"column":55}},"type":"binary-expr","locations":[{"start":{"line":190,"column":10},"end":{"line":190,"column":33}},{"start":{"line":190,"column":37},"end":{"line":190,"column":55}}],"line":190},"23":{"loc":{"start":{"line":193,"column":10},"end":{"line":193,"column":56}},"type":"binary-expr","locations":[{"start":{"line":193,"column":10},"end":{"line":193,"column":33}},{"start":{"line":193,"column":37},"end":{"line":193,"column":56}}],"line":193}},"s":{"0":4,"1":4,"2":4,"3":4,"4":10,"5":10,"6":10,"7":1,"8":9,"9":9,"10":9,"11":8,"12":1,"13":0,"14":9,"15":8,"16":8,"17":0,"18":0,"19":0,"20":8,"21":1,"22":4,"23":1,"24":1,"25":1,"26":2,"27":2,"28":2,"29":2,"30":0,"31":0,"32":0,"33":0,"34":2,"35":0,"36":4,"37":1,"38":1,"39":4,"40":1,"41":1,"42":0,"43":0,"44":1,"45":2,"46":2,"47":1,"48":4,"49":5,"50":2,"51":5,"52":3,"53":3,"54":3,"55":2,"56":4,"57":2,"58":2,"59":4,"60":2,"61":2,"62":0,"63":2,"64":4,"65":4,"66":2,"67":1,"68":1,"69":4,"70":9,"71":9,"72":1,"73":9,"74":6,"75":6,"76":5,"77":3,"78":4,"79":3,"80":4,"81":9,"82":4,"83":0,"84":4,"85":9,"86":4},"f":{"0":10,"1":1,"2":2,"3":1,"4":1,"5":2,"6":5,"7":3,"8":2,"9":2,"10":4,"11":9,"12":6,"13":3,"14":9,"15":0,"16":9},"b":{"0":[2],"1":[1,9],"2":[8,1],"3":[8,1],"4":[0,0],"5":[0],"6":[1],"7":[0,2],"8":[0,0],"9":[0],"10":[0,1],"11":[2,0],"12":[2,3],"13":[3,2],"14":[3,0],"15":[0,2],"16":[4,0],"17":[1,1],"18":[1,8],"19":[6,3],"20":[5,1],"21":[6,6],"22":[9,8],"23":[0,0]},"_coverageSchema":"332fd63041d2c1bcb487cc26dd0d5f7d97098a6c","hash":"47b303e355488801bd96b43d0c889f43764180b2"}
}
