TN:
SF:/Users/samiahmadkhan/Desktop/file-conda/index.js
FN:13,(anonymous_0)
FN:56,(anonymous_1)
FN:60,(anonymous_2)
FN:90,(anonymous_3)
FN:95,(anonymous_4)
FN:103,(anonymous_5)
FN:112,(anonymous_6)
FN:118,(anonymous_7)
FN:132,(anonymous_8)
FN:145,(anonymous_9)
FN:151,(anonymous_10)
FN:164,(anonymous_11)
FN:171,(anonymous_12)
FN:185,(anonymous_13)
FN:189,(anonymous_14)
FN:192,(anonymous_15)
FN:195,(anonymous_16)
FNF:17
FNH:16
FNDA:10,(anonymous_0)
FNDA:1,(anonymous_1)
FNDA:2,(anonymous_2)
FNDA:1,(anonymous_3)
FNDA:1,(anonymous_4)
FNDA:2,(anonymous_5)
FNDA:5,(anonymous_6)
FNDA:3,(anonymous_7)
FNDA:2,(anonymous_8)
FNDA:2,(anonymous_9)
FNDA:4,(anonymous_10)
FNDA:9,(anonymous_11)
FNDA:6,(anonymous_12)
FNDA:3,(anonymous_13)
FNDA:9,(anonymous_14)
FNDA:0,(anonymous_15)
FNDA:9,(anonymous_16)
DA:1,4
DA:2,4
DA:3,4
DA:13,4
DA:14,10
DA:15,10
DA:18,10
DA:19,1
DA:22,9
DA:24,9
DA:25,9
DA:26,8
DA:28,1
DA:29,0
DA:32,9
DA:33,8
DA:35,0
DA:36,0
DA:38,0
DA:41,8
DA:43,1
DA:56,4
DA:58,1
DA:59,1
DA:60,1
DA:61,2
DA:62,2
DA:64,2
DA:68,2
DA:69,0
DA:70,0
DA:71,0
DA:73,0
DA:76,2
DA:80,0
DA:90,4
DA:91,1
DA:92,1
DA:95,4
DA:96,1
DA:98,1
DA:99,0
DA:100,0
DA:103,1
DA:104,2
DA:105,2
DA:109,1
DA:112,4
DA:113,5
DA:114,2
DA:117,5
DA:118,3
DA:119,3
DA:120,3
DA:123,2
DA:132,4
DA:133,2
DA:134,2
DA:145,4
DA:146,2
DA:148,2
DA:149,0
DA:151,2
DA:152,4
DA:153,4
DA:157,2
DA:158,1
DA:160,1
DA:164,4
DA:165,9
DA:167,9
DA:168,1
DA:170,9
DA:171,6
DA:172,6
DA:173,5
DA:176,3
DA:185,4
DA:186,3
DA:189,4
DA:190,9
DA:192,4
DA:193,0
DA:195,4
DA:196,9
DA:201,4
LF:86
LH:73
BRDA:13,0,0,2
BRDA:18,1,0,1
BRDA:18,1,1,9
BRDA:25,2,0,8
BRDA:25,2,1,1
BRDA:32,3,0,8
BRDA:32,3,1,1
BRDA:35,4,0,0
BRDA:35,4,1,0
BRDA:56,5,0,0
BRDA:56,6,0,1
BRDA:68,7,0,0
BRDA:68,7,1,2
BRDA:70,8,0,0
BRDA:70,8,1,0
BRDA:90,9,0,0
BRDA:98,10,0,0
BRDA:98,10,1,1
BRDA:104,11,0,2
BRDA:104,11,1,0
BRDA:113,12,0,2
BRDA:113,12,1,3
BRDA:117,13,0,3
BRDA:117,13,1,2
BRDA:119,14,0,3
BRDA:119,14,1,0
BRDA:148,15,0,0
BRDA:148,15,1,2
BRDA:152,16,0,4
BRDA:152,16,1,0
BRDA:157,17,0,1
BRDA:157,17,1,1
BRDA:167,18,0,1
BRDA:167,18,1,8
BRDA:170,19,0,6
BRDA:170,19,1,3
BRDA:172,20,0,5
BRDA:172,20,1,1
BRDA:172,21,0,6
BRDA:172,21,1,6
BRDA:190,22,0,9
BRDA:190,22,1,8
BRDA:193,23,0,0
BRDA:193,23,1,0
BRF:44
BRH:30
end_of_record
